[0m00:33:59.358521 [debug] [MainThread]: Sending event: {'category': 'dbt', 'action': 'invocation', 'label': 'start', 'context': [<snowplow_tracker.self_describing_json.SelfDescribingJson object at 0x00000208601CBF50>, <snowplow_tracker.self_describing_json.SelfDescribingJson object at 0x0000020860015C40>, <snowplow_tracker.self_describing_json.SelfDescribingJson object at 0x00000208601CA510>]}


============================== 00:33:59.362098 | 57ceca84-637d-41d8-984f-a454d7569dd9 ==============================
[0m00:33:59.362098 [info ] [MainThread]: Running with dbt=1.10.3
[0m00:33:59.363096 [debug] [MainThread]: running dbt with arguments {'printer_width': '80', 'indirect_selection': 'eager', 'log_cache_events': 'False', 'write_json': 'True', 'partial_parse': 'True', 'cache_selected_only': 'False', 'profiles_dir': 'C:\\Users\\Marvin Jayson\\.dbt', 'version_check': 'True', 'warn_error': 'None', 'log_path': 'logs', 'debug': 'False', 'fail_fast': 'False', 'use_colors': 'True', 'use_experimental_parser': 'False', 'no_print': 'None', 'quiet': 'False', 'empty': 'None', 'log_format': 'default', 'introspect': 'True', 'invocation_command': 'dbt init dbtdev', 'static_parser': 'True', 'target_path': 'None', 'warn_error_options': 'WarnErrorOptionsV2(error=[], warn=[], silence=[])', 'send_anonymous_usage_stats': 'True'}
[0m00:33:59.386787 [debug] [MainThread]: Starter project path: C:\SellerX\venv\Lib\site-packages\dbt\include\starter_project
[0m00:33:59.408787 [info ] [MainThread]: 
Your new dbt project "dbtdev" was created!

For more information on how to configure the profiles.yml file,
please consult the dbt documentation here:

  https://docs.getdbt.com/docs/configure-your-profile

One more thing:

Need help? Don't hesitate to reach out to us via GitHub issues or on Slack:

  https://community.getdbt.com/

Happy modeling!

[0m00:33:59.409787 [info ] [MainThread]: Setting up your profile.
[0m00:39:13.110394 [info ] [MainThread]: Profile dbtdev written to C:\Users\Marvin Jayson\.dbt\profiles.yml using target's profile_template.yml and your supplied values. Run 'dbt debug' to validate the connection.
[0m00:39:13.113828 [debug] [MainThread]: Command `dbt init` succeeded at 00:39:13.112356 after 313.89 seconds
[0m00:39:13.114829 [debug] [MainThread]: Sending event: {'category': 'dbt', 'action': 'invocation', 'label': 'end', 'context': [<snowplow_tracker.self_describing_json.SelfDescribingJson object at 0x000002085D52BF80>, <snowplow_tracker.self_describing_json.SelfDescribingJson object at 0x0000020861E94FB0>, <snowplow_tracker.self_describing_json.SelfDescribingJson object at 0x000002085E19A480>]}
[0m00:39:13.114829 [debug] [MainThread]: Flushing usage events
[0m00:39:15.242884 [debug] [MainThread]: An error was encountered while trying to flush usage events
[0m14:49:08.467582 [debug] [MainThread]: Sending event: {'category': 'dbt', 'action': 'invocation', 'label': 'start', 'context': [<snowplow_tracker.self_describing_json.SelfDescribingJson object at 0x000002A8AC4B03E0>, <snowplow_tracker.self_describing_json.SelfDescribingJson object at 0x000002A8AFBAFA40>, <snowplow_tracker.self_describing_json.SelfDescribingJson object at 0x000002A8AFBAF440>]}


============================== 14:49:08.467582 | 5dc641cc-22f3-4166-ae0b-c6f8f7aaf7e6 ==============================
[0m14:49:08.467582 [info ] [MainThread]: Running with dbt=1.10.3
[0m14:49:08.467582 [debug] [MainThread]: running dbt with arguments {'printer_width': '80', 'indirect_selection': 'eager', 'write_json': 'True', 'log_cache_events': 'False', 'partial_parse': 'True', 'cache_selected_only': 'False', 'profiles_dir': 'C:\\Users\\Marvin Jayson\\.dbt', 'fail_fast': 'False', 'warn_error': 'None', 'log_path': 'logs', 'debug': 'False', 'version_check': 'True', 'use_colors': 'True', 'use_experimental_parser': 'False', 'no_print': 'None', 'quiet': 'False', 'empty': 'False', 'log_format': 'default', 'invocation_command': 'dbt run', 'warn_error_options': 'WarnErrorOptionsV2(error=[], warn=[], silence=[])', 'introspect': 'True', 'target_path': 'None', 'static_parser': 'True', 'send_anonymous_usage_stats': 'True'}
[0m14:49:08.467582 [error] [MainThread]: Encountered an error:
Runtime Error
  No dbt_project.yml found at expected path C:\SellerX\dbt\dbt_project.yml
  Verify that each entry within packages.yml (and their transitive dependencies) contains a file named dbt_project.yml
  
[0m14:49:08.467582 [debug] [MainThread]: Command `dbt run` failed at 14:49:08.467582 after 0.15 seconds
[0m14:49:08.483378 [debug] [MainThread]: Sending event: {'category': 'dbt', 'action': 'invocation', 'label': 'end', 'context': [<snowplow_tracker.self_describing_json.SelfDescribingJson object at 0x000002A8AFE39670>, <snowplow_tracker.self_describing_json.SelfDescribingJson object at 0x000002A8B0132FC0>, <snowplow_tracker.self_describing_json.SelfDescribingJson object at 0x000002A8AF4787A0>]}
[0m14:49:08.483378 [debug] [MainThread]: Flushing usage events
[0m14:49:09.468258 [debug] [MainThread]: An error was encountered while trying to flush usage events
